0 info it worked if it ends with ok
1 verbose cli [ '/usr/bin/node', '/usr/bin/npm', 'run', 'deploy' ]
2 info using npm@3.5.2
3 info using node@v8.10.0
4 verbose run-script [ 'predeploy', 'deploy', 'postdeploy' ]
5 info lifecycle 0llie.com@1.0.0~predeploy: 0llie.com@1.0.0
6 silly lifecycle 0llie.com@1.0.0~predeploy: no script for predeploy, continuing
7 info lifecycle 0llie.com@1.0.0~deploy: 0llie.com@1.0.0
8 verbose lifecycle 0llie.com@1.0.0~deploy: unsafe-perm in lifecycle true
9 verbose lifecycle 0llie.com@1.0.0~deploy: PATH: /usr/share/npm/bin/node-gyp-bin:/home/ollie/Desktop/0llie.com/node_modules/.bin:/usr/local/sbin:/usr/local/bin:/usr/sbin:/usr/bin:/sbin:/bin:/usr/games:/usr/local/games:/snap/bin
10 verbose lifecycle 0llie.com@1.0.0~deploy: CWD: /home/ollie/Desktop/0llie.com
11 silly lifecycle 0llie.com@1.0.0~deploy: Args: [ '-c', 'gh-page -d dist' ]
12 info lifecycle 0llie.com@1.0.0~deploy: Failed to exec deploy script
13 verbose stack Error: 0llie.com@1.0.0 deploy: `gh-page -d dist`
13 verbose stack spawn ENOENT
13 verbose stack     at ChildProcess.<anonymous> (/usr/share/npm/lib/utils/spawn.js:17:16)
13 verbose stack     at emitTwo (events.js:126:13)
13 verbose stack     at ChildProcess.emit (events.js:214:7)
13 verbose stack     at maybeClose (internal/child_process.js:925:16)
13 verbose stack     at Process.ChildProcess._handle.onexit (internal/child_process.js:209:5)
14 verbose pkgid 0llie.com@1.0.0
15 verbose cwd /home/ollie/Desktop/0llie.com
16 error Linux 4.18.0-22-generic
17 error argv "/usr/bin/node" "/usr/bin/npm" "run" "deploy"
18 error node v8.10.0
19 error npm  v3.5.2
20 error file sh
21 error code ELIFECYCLE
22 error errno ENOENT
23 error syscall spawn
24 error 0llie.com@1.0.0 deploy: `gh-page -d dist`
24 error spawn ENOENT
25 error Failed at the 0llie.com@1.0.0 deploy script 'gh-page -d dist'.
25 error Make sure you have the latest version of node.js and npm installed.
25 error If you do, this is most likely a problem with the 0llie.com package,
25 error not with npm itself.
25 error Tell the author that this fails on your system:
25 error     gh-page -d dist
25 error You can get information on how to open an issue for this project with:
25 error     npm bugs 0llie.com
25 error Or if that isn't available, you can get their info via:
25 error     npm owner ls 0llie.com
25 error There is likely additional logging output above.
26 verbose exit [ 1, true ]
